<?xml version="1.0" encoding="UTF-8"?>
<testng-results ignored="0" total="1" passed="1" failed="0" skipped="0">
  <reporter-output>
  </reporter-output>
  <suite started-at="2024-08-14T14:34:01 IST" name="Default suite" finished-at="2024-08-14T14:34:01 IST" duration-ms="71">
    <groups>
    </groups>
    <test started-at="2024-08-14T14:34:01 IST" name="Default test" finished-at="2024-08-14T14:34:01 IST" duration-ms="71">
      <class name="New.Code">
        <test-method signature="reverse()[pri:0, instance:New.Code@a3d8174]" started-at="2024-08-14T14:34:01 IST" name="reverse" finished-at="2024-08-14T14:34:01 IST" duration-ms="11" status="PASS">
          <reporter-output>
          </reporter-output>
        </test-method> <!-- reverse -->
      </class> <!-- New.Code -->
    </test> <!-- Default test -->
  </suite> <!-- Default suite -->
</testng-results>
